[debug] [2021-01-01T08:21:03.710Z] ----------------------------------------------------------------------
[debug] [2021-01-01T08:21:03.714Z] Command:       C:\Program Files\nodejs\node.exe C:\Users\Ayush\AppData\Roaming\npm\node_modules\firebase-tools\lib\bin\firebase.js init
[debug] [2021-01-01T08:21:03.715Z] CLI Version:   9.1.0
[debug] [2021-01-01T08:21:03.715Z] Platform:      win32
[debug] [2021-01-01T08:21:03.715Z] Node Version:  v14.9.0
[debug] [2021-01-01T08:21:03.717Z] Time:          Fri Jan 01 2021 00:21:03 GMT-0800 (Pacific Standard Time)
[debug] [2021-01-01T08:21:03.718Z] ----------------------------------------------------------------------
[debug] [2021-01-01T08:21:03.718Z] 
[debug] [2021-01-01T08:21:03.730Z] > command requires scopes: ["email","openid","https://www.googleapis.com/auth/cloudplatformprojects.readonly","https://www.googleapis.com/auth/firebase","https://www.googleapis.com/auth/cloud-platform"]
[debug] [2021-01-01T08:21:03.731Z] > authorizing via signed-in user
[info] 
     ######## #### ########  ######## ########     ###     ######  ########
     ##        ##  ##     ## ##       ##     ##  ##   ##  ##       ##
     ######    ##  ########  ######   ########  #########  ######  ######
     ##        ##  ##    ##  ##       ##     ## ##     ##       ## ##
     ##       #### ##     ## ######## ########  ##     ##  ######  ########

You're about to initialize a Firebase project in this directory:

  C:\Users\Ayush\Downloads\react diary app\diary-app

[info] 
=== Project Setup
[info] 
[info] First, let's associate this project directory with a Firebase project.
[info] You can create multiple project aliases by running firebase use --add, 
[info] but for now we'll just set up a default project.
[info] 
[debug] [2021-01-01T08:21:25.281Z] > refreshing access token with scopes: ["email","https://www.googleapis.com/auth/cloud-platform","https://www.googleapis.com/auth/cloudplatformprojects.readonly","https://www.googleapis.com/auth/firebase","openid"]
[debug] [2021-01-01T08:21:25.282Z] >>> HTTP REQUEST POST https://www.googleapis.com/oauth2/v3/token  
 <request body omitted>
[debug] [2021-01-01T08:21:26.178Z] <<< HTTP RESPONSE 200 {"date":"Fri, 01 Jan 2021 08:21:21 GMT","pragma":"no-cache","cache-control":"no-cache, no-store, max-age=0, must-revalidate","expires":"Mon, 01 Jan 1990 00:00:00 GMT","content-type":"application/json; charset=utf-8","vary":"X-Origin, Referer, Origin,Accept-Encoding","server":"scaffolding on HTTPServer2","x-xss-protection":"0","x-frame-options":"SAMEORIGIN","x-content-type-options":"nosniff","alt-svc":"h3-29=\":443\"; ma=2592000,h3-T051=\":443\"; ma=2592000,h3-Q050=\":443\"; ma=2592000,h3-Q046=\":443\"; ma=2592000,h3-Q043=\":443\"; ma=2592000,quic=\":443\"; ma=2592000; v=\"46,43\"","accept-ranges":"none","transfer-encoding":"chunked"}
[debug] [2021-01-01T08:21:26.209Z] >>> HTTP REQUEST GET https://firebase.googleapis.com/v1beta1/projects?pageSize=100  
 
[debug] [2021-01-01T08:21:27.937Z] <<< HTTP RESPONSE 200 {"content-type":"application/json; charset=UTF-8","vary":"X-Origin, Referer, Origin,Accept-Encoding","date":"Fri, 01 Jan 2021 08:21:22 GMT","server":"ESF","cache-control":"private","x-xss-protection":"0","x-frame-options":"SAMEORIGIN","x-content-type-options":"nosniff","alt-svc":"h3-29=\":443\"; ma=2592000,h3-T051=\":443\"; ma=2592000,h3-Q050=\":443\"; ma=2592000,h3-Q046=\":443\"; ma=2592000,h3-Q043=\":443\"; ma=2592000,quic=\":443\"; ma=2592000; v=\"46,43\"","accept-ranges":"none","transfer-encoding":"chunked"}
[info] i  Using project todo-diary-app (ToDo Diary App) 
[info] 
=== Hosting Setup
[info] 
[info] Your public directory is the folder (relative to your project directory) that
[info] will contain Hosting assets to be uploaded with firebase deploy. If you
[info] have a build process for your assets, use your build's output directory.
[info] 
[debug] [2021-01-01T08:22:02.033Z] >>> [apiv2][query] GET https://www.gstatic.com/firebasejs/releases.json [none]
[debug] [2021-01-01T08:22:02.463Z] <<< [apiv2][status] GET https://www.gstatic.com/firebasejs/releases.json 200
[debug] [2021-01-01T08:22:02.464Z] <<< [apiv2][body] GET https://www.gstatic.com/firebasejs/releases.json {"current":{"version":"8.2.1","browserURL":"https://www.gstatic.com/firebasejs/8.2.1/firebase.js","packageURL":"https://www.gstatic.com/firebasejs/8.2.1/firebase.tgz"},"live":{"version":"8.2","browserURL":"https://www.gstatic.com/firebasejs/live/8.2/firebase.js","packageURL":"https://www.gstatic.com/firebasejs/live/8.2/firebase.tgz"},"components":{"analytics":"https://www.gstatic.com/firebasejs/8.2.1/firebase-analytics.js","app":"https://www.gstatic.com/firebasejs/8.2.1/firebase-app.js","auth":"https://www.gstatic.com/firebasejs/8.2.1/firebase-auth.js","database":"https://www.gstatic.com/firebasejs/8.2.1/firebase-database.js","firestore":"https://www.gstatic.com/firebasejs/8.2.1/firebase-firestore.js","functions":"https://www.gstatic.com/firebasejs/8.2.1/firebase-functions.js","installations":"https://www.gstatic.com/firebasejs/8.2.1/firebase-installations.js","messaging":"https://www.gstatic.com/firebasejs/8.2.1/firebase-messaging.js","storage":"https://www.gstatic.com/firebasejs/8.2.1/firebase-storage.js","performance":"https://www.gstatic.com/firebasejs/8.2.1/firebase-performance.js","remote-config":"https://www.gstatic.com/firebasejs/8.2.1/firebase-remote-config.js","firestore.memory":"https://www.gstatic.com/firebasejs/8.2.1/firebase-firestore.memory.js"}}
[info] +  Wrote build/index.html 
[info] 
[info] i  Detected a .git folder at C:\Users\Ayush\Downloads 
[info] i  Authorizing with GitHub to upload your service account to a GitHub repository's secrets store. 
[info] 
[info] Visit this URL on this device to log in:
[info] https://github.com/login/oauth/authorize?client_id=89cf50f02ac6aaed3484&state=839273115&redirect_uri=http%3A%2F%2Flocalhost%3A9005&scope=read%3Auser%20repo%20public_repo
[info] 
[info] Waiting for authentication...
[debug] [2021-01-01T08:23:32.612Z] >>> HTTP REQUEST POST https://github.com/login/oauth/access_token  
 {"client_id":"89cf50f02ac6aaed3484","client_secret":"3330d14abc895d9a74d5f17cd7a00711fa2c5bf0","code":"ee20047b73f2dfeb45fe","redirect_uri":"http://localhost:9005","state":"839273115"}
[debug] [2021-01-01T08:23:33.182Z] <<< HTTP RESPONSE 200 {"date":"Fri, 01 Jan 2021 08:23:28 GMT","content-type":"application/json; charset=utf-8","transfer-encoding":"chunked","server":"GitHub.com","status":"200 OK","vary":"X-PJAX, Accept-Encoding, Accept, X-Requested-With, Accept-Encoding","etag":"W/\"31d23417c28588c180a8e9dac8502085\"","cache-control":"max-age=0, private, must-revalidate","strict-transport-security":"max-age=31536000; includeSubdomains; preload","x-frame-options":"deny","x-content-type-options":"nosniff","x-xss-protection":"1; mode=block","referrer-policy":"origin-when-cross-origin, strict-origin-when-cross-origin","expect-ct":"max-age=2592000, report-uri=\"https://api.github.com/_private/browser/errors\"","content-security-policy":"default-src 'none'; base-uri 'self'; block-all-mixed-content; connect-src 'self' uploads.github.com www.githubstatus.com collector.githubapp.com api.github.com github-cloud.s3.amazonaws.com github-production-repository-file-5c1aeb.s3.amazonaws.com github-production-upload-manifest-file-7fdce7.s3.amazonaws.com github-production-user-asset-6210df.s3.amazonaws.com cdn.optimizely.com logx.optimizely.com/v1/events wss://alive.github.com; font-src github.githubassets.com; form-action 'self' github.com gist.github.com; frame-ancestors 'none'; frame-src render.githubusercontent.com; img-src 'self' data: github.githubassets.com identicons.github.com collector.githubapp.com github-cloud.s3.amazonaws.com *.githubusercontent.com; manifest-src 'self'; media-src 'none'; script-src github.githubassets.com; style-src 'unsafe-inline' github.githubassets.com; worker-src github.com/socket-worker-5029ae85.js gist.github.com/socket-worker-5029ae85.js","x-github-request-id":"E4CB:4F23:401A006:520105B:5FEEDBFF"}
[debug] [2021-01-01T08:23:33.184Z] >>> [apiv2][query] GET https://api.github.com/user [none]
[debug] [2021-01-01T08:23:33.974Z] <<< [apiv2][status] GET https://api.github.com/user 200
[debug] [2021-01-01T08:23:33.974Z] <<< [apiv2][body] GET https://api.github.com/user {"login":"Ayush123-prog","id":65249258,"node_id":"MDQ6VXNlcjY1MjQ5MjU4","avatar_url":"https://avatars3.githubusercontent.com/u/65249258?v=4","gravatar_id":"","url":"https://api.github.com/users/Ayush123-prog","html_url":"https://github.com/Ayush123-prog","followers_url":"https://api.github.com/users/Ayush123-prog/followers","following_url":"https://api.github.com/users/Ayush123-prog/following{/other_user}","gists_url":"https://api.github.com/users/Ayush123-prog/gists{/gist_id}","starred_url":"https://api.github.com/users/Ayush123-prog/starred{/owner}{/repo}","subscriptions_url":"https://api.github.com/users/Ayush123-prog/subscriptions","organizations_url":"https://api.github.com/users/Ayush123-prog/orgs","repos_url":"https://api.github.com/users/Ayush123-prog/repos","events_url":"https://api.github.com/users/Ayush123-prog/events{/privacy}","received_events_url":"https://api.github.com/users/Ayush123-prog/received_events","type":"User","site_admin":false,"name":null,"company":null,"blog":"","location":null,"email":null,"hireable":null,"bio":null,"twitter_username":null,"public_repos":14,"public_gists":0,"followers":1,"following":4,"created_at":"2020-05-12T18:14:49Z","updated_at":"2021-01-01T08:23:22Z","private_gists":0,"total_private_repos":0,"owned_private_repos":0,"disk_usage":7100,"collaborators":0,"two_factor_authentication":false,"plan":{"name":"pro","space":976562499,"collaborators":0,"private_repos":9999}}
[info] 
[info] +  Success! Logged into GitHub as Ayush123-prog 
[info] 
[debug] [2021-01-01T08:23:51.304Z] >>> [apiv2][query] GET https://api.github.com/repos/user/actions/secrets/public-key type=owner
[debug] [2021-01-01T08:23:52.251Z] <<< [apiv2][status] GET https://api.github.com/repos/user/actions/secrets/public-key 404
[debug] [2021-01-01T08:23:52.251Z] <<< [apiv2][body] GET https://api.github.com/repos/user/actions/secrets/public-key {"message":"Not Found","documentation_url":"https://docs.github.com/rest"}
[debug] [2021-01-01T08:24:03.470Z] >>> [apiv2][query] GET https://api.github.com/repos/repository/actions/secrets/public-key type=owner
[debug] [2021-01-01T08:24:04.815Z] <<< [apiv2][status] GET https://api.github.com/repos/repository/actions/secrets/public-key 404
[debug] [2021-01-01T08:24:04.815Z] <<< [apiv2][body] GET https://api.github.com/repos/repository/actions/secrets/public-key {"message":"Not Found","documentation_url":"https://docs.github.com/rest"}
[debug] [2021-01-01T08:25:24.578Z] ----------------------------------------------------------------------
[debug] [2021-01-01T08:25:24.582Z] Command:       C:\Program Files\nodejs\node.exe C:\Users\Ayush\AppData\Roaming\npm\node_modules\firebase-tools\lib\bin\firebase.js init
[debug] [2021-01-01T08:25:24.583Z] CLI Version:   9.1.0
[debug] [2021-01-01T08:25:24.583Z] Platform:      win32
[debug] [2021-01-01T08:25:24.583Z] Node Version:  v14.9.0
[debug] [2021-01-01T08:25:24.585Z] Time:          Fri Jan 01 2021 00:25:24 GMT-0800 (Pacific Standard Time)
[debug] [2021-01-01T08:25:24.585Z] ----------------------------------------------------------------------
[debug] [2021-01-01T08:25:24.586Z] 
[debug] [2021-01-01T08:25:24.598Z] > command requires scopes: ["email","openid","https://www.googleapis.com/auth/cloudplatformprojects.readonly","https://www.googleapis.com/auth/firebase","https://www.googleapis.com/auth/cloud-platform"]
[debug] [2021-01-01T08:25:24.599Z] > authorizing via signed-in user
[info] 
     ######## #### ########  ######## ########     ###     ######  ########
     ##        ##  ##     ## ##       ##     ##  ##   ##  ##       ##
     ######    ##  ########  ######   ########  #########  ######  ######
     ##        ##  ##    ##  ##       ##     ## ##     ##       ## ##
     ##       #### ##     ## ######## ########  ##     ##  ######  ########

You're about to initialize a Firebase project in this directory:

  C:\Users\Ayush\Downloads\react diary app\diary-app

[info] 
=== Project Setup
[info] 
[info] First, let's associate this project directory with a Firebase project.
[info] You can create multiple project aliases by running firebase use --add, 
[info] but for now we'll just set up a default project.
[info] 
[debug] [2021-01-01T08:25:33.699Z] >>> HTTP REQUEST GET https://firebase.googleapis.com/v1beta1/projects?pageSize=100  
 
[debug] [2021-01-01T08:25:34.965Z] <<< HTTP RESPONSE 200 {"content-type":"application/json; charset=UTF-8","vary":"X-Origin, Referer, Origin,Accept-Encoding","date":"Fri, 01 Jan 2021 08:25:29 GMT","server":"ESF","cache-control":"private","x-xss-protection":"0","x-frame-options":"SAMEORIGIN","x-content-type-options":"nosniff","alt-svc":"h3-29=\":443\"; ma=2592000,h3-T051=\":443\"; ma=2592000,h3-Q050=\":443\"; ma=2592000,h3-Q046=\":443\"; ma=2592000,h3-Q043=\":443\"; ma=2592000,quic=\":443\"; ma=2592000; v=\"46,43\"","accept-ranges":"none","transfer-encoding":"chunked"}
[info] i  Using project todo-diary-app (ToDo Diary App) 
[info] 
=== Hosting Setup
[info] 
[info] Your public directory is the folder (relative to your project directory) that
[info] will contain Hosting assets to be uploaded with firebase deploy. If you
[info] have a build process for your assets, use your build's output directory.
[info] 
[debug] [2021-01-01T08:25:46.844Z] >>> [apiv2][query] GET https://www.gstatic.com/firebasejs/releases.json [none]
[debug] [2021-01-01T08:25:47.196Z] <<< [apiv2][status] GET https://www.gstatic.com/firebasejs/releases.json 200
[debug] [2021-01-01T08:25:47.196Z] <<< [apiv2][body] GET https://www.gstatic.com/firebasejs/releases.json {"current":{"version":"8.2.1","browserURL":"https://www.gstatic.com/firebasejs/8.2.1/firebase.js","packageURL":"https://www.gstatic.com/firebasejs/8.2.1/firebase.tgz"},"live":{"version":"8.2","browserURL":"https://www.gstatic.com/firebasejs/live/8.2/firebase.js","packageURL":"https://www.gstatic.com/firebasejs/live/8.2/firebase.tgz"},"components":{"analytics":"https://www.gstatic.com/firebasejs/8.2.1/firebase-analytics.js","app":"https://www.gstatic.com/firebasejs/8.2.1/firebase-app.js","auth":"https://www.gstatic.com/firebasejs/8.2.1/firebase-auth.js","database":"https://www.gstatic.com/firebasejs/8.2.1/firebase-database.js","firestore":"https://www.gstatic.com/firebasejs/8.2.1/firebase-firestore.js","functions":"https://www.gstatic.com/firebasejs/8.2.1/firebase-functions.js","installations":"https://www.gstatic.com/firebasejs/8.2.1/firebase-installations.js","messaging":"https://www.gstatic.com/firebasejs/8.2.1/firebase-messaging.js","storage":"https://www.gstatic.com/firebasejs/8.2.1/firebase-storage.js","performance":"https://www.gstatic.com/firebasejs/8.2.1/firebase-performance.js","remote-config":"https://www.gstatic.com/firebasejs/8.2.1/firebase-remote-config.js","firestore.memory":"https://www.gstatic.com/firebasejs/8.2.1/firebase-firestore.memory.js"}}
[info] +  Wrote build/index.html 
[info] 
[info] i  Detected a .git folder at C:\Users\Ayush\Downloads 
[info] i  Authorizing with GitHub to upload your service account to a GitHub repository's secrets store. 
[info] 
[info] Visit this URL on this device to log in:
[info] https://github.com/login/oauth/authorize?client_id=89cf50f02ac6aaed3484&state=847208496&redirect_uri=http%3A%2F%2Flocalhost%3A9005&scope=read%3Auser%20repo%20public_repo
[info] 
[info] Waiting for authentication...
[debug] [2021-01-01T08:25:54.780Z] >>> HTTP REQUEST POST https://github.com/login/oauth/access_token  
 {"client_id":"89cf50f02ac6aaed3484","client_secret":"3330d14abc895d9a74d5f17cd7a00711fa2c5bf0","code":"83cbe9427a3aa700c39b","redirect_uri":"http://localhost:9005","state":"847208496"}
[debug] [2021-01-01T08:25:55.385Z] <<< HTTP RESPONSE 200 {"date":"Fri, 01 Jan 2021 08:25:50 GMT","content-type":"application/json; charset=utf-8","transfer-encoding":"chunked","server":"GitHub.com","status":"200 OK","vary":"X-PJAX, Accept-Encoding, Accept, X-Requested-With, Accept-Encoding","etag":"W/\"4d1687758849691b3851f19f94377407\"","cache-control":"max-age=0, private, must-revalidate","strict-transport-security":"max-age=31536000; includeSubdomains; preload","x-frame-options":"deny","x-content-type-options":"nosniff","x-xss-protection":"1; mode=block","referrer-policy":"origin-when-cross-origin, strict-origin-when-cross-origin","expect-ct":"max-age=2592000, report-uri=\"https://api.github.com/_private/browser/errors\"","content-security-policy":"default-src 'none'; base-uri 'self'; block-all-mixed-content; connect-src 'self' uploads.github.com www.githubstatus.com collector.githubapp.com api.github.com github-cloud.s3.amazonaws.com github-production-repository-file-5c1aeb.s3.amazonaws.com github-production-upload-manifest-file-7fdce7.s3.amazonaws.com github-production-user-asset-6210df.s3.amazonaws.com cdn.optimizely.com logx.optimizely.com/v1/events wss://alive.github.com; font-src github.githubassets.com; form-action 'self' github.com gist.github.com; frame-ancestors 'none'; frame-src render.githubusercontent.com; img-src 'self' data: github.githubassets.com identicons.github.com collector.githubapp.com github-cloud.s3.amazonaws.com *.githubusercontent.com; manifest-src 'self'; media-src 'none'; script-src github.githubassets.com; style-src 'unsafe-inline' github.githubassets.com; worker-src github.com/socket-worker-5029ae85.js gist.github.com/socket-worker-5029ae85.js","x-github-request-id":"E514:048A:3F26279:50EE16B:5FEEDC8E"}
[debug] [2021-01-01T08:25:55.391Z] >>> [apiv2][query] GET https://api.github.com/user [none]
[debug] [2021-01-01T08:25:56.037Z] <<< [apiv2][status] GET https://api.github.com/user 200
[debug] [2021-01-01T08:25:56.037Z] <<< [apiv2][body] GET https://api.github.com/user {"login":"Ayush123-prog","id":65249258,"node_id":"MDQ6VXNlcjY1MjQ5MjU4","avatar_url":"https://avatars3.githubusercontent.com/u/65249258?v=4","gravatar_id":"","url":"https://api.github.com/users/Ayush123-prog","html_url":"https://github.com/Ayush123-prog","followers_url":"https://api.github.com/users/Ayush123-prog/followers","following_url":"https://api.github.com/users/Ayush123-prog/following{/other_user}","gists_url":"https://api.github.com/users/Ayush123-prog/gists{/gist_id}","starred_url":"https://api.github.com/users/Ayush123-prog/starred{/owner}{/repo}","subscriptions_url":"https://api.github.com/users/Ayush123-prog/subscriptions","organizations_url":"https://api.github.com/users/Ayush123-prog/orgs","repos_url":"https://api.github.com/users/Ayush123-prog/repos","events_url":"https://api.github.com/users/Ayush123-prog/events{/privacy}","received_events_url":"https://api.github.com/users/Ayush123-prog/received_events","type":"User","site_admin":false,"name":null,"company":null,"blog":"","location":null,"email":null,"hireable":null,"bio":null,"twitter_username":null,"public_repos":14,"public_gists":0,"followers":1,"following":4,"created_at":"2020-05-12T18:14:49Z","updated_at":"2021-01-01T08:23:22Z","private_gists":0,"total_private_repos":0,"owned_private_repos":0,"disk_usage":7100,"collaborators":0,"two_factor_authentication":false,"plan":{"name":"pro","space":976562499,"collaborators":0,"private_repos":9999}}
[info] 
[info] +  Success! Logged into GitHub as Ayush123-prog 
[info] 
[debug] [2021-01-01T08:27:23.798Z] >>> [apiv2][query] GET https://api.github.com/repos/Ayush123-prog/actions/secrets/public-key type=owner
[debug] [2021-01-01T08:27:25.062Z] <<< [apiv2][status] GET https://api.github.com/repos/Ayush123-prog/actions/secrets/public-key 404
[debug] [2021-01-01T08:27:25.062Z] <<< [apiv2][body] GET https://api.github.com/repos/Ayush123-prog/actions/secrets/public-key {"message":"Not Found","documentation_url":"https://docs.github.com/rest"}
[debug] [2021-01-01T08:28:19.634Z] >>> [apiv2][query] GET https://api.github.com/repos/Ayush123-prog/amazon-clone/actions/secrets/public-key type=owner
[debug] [2021-01-01T08:28:20.423Z] <<< [apiv2][status] GET https://api.github.com/repos/Ayush123-prog/amazon-clone/actions/secrets/public-key 200
[debug] [2021-01-01T08:28:20.423Z] <<< [apiv2][body] GET https://api.github.com/repos/Ayush123-prog/amazon-clone/actions/secrets/public-key {"key_id":"568250167242549743","key":"4ADAZ1cE0fWYQttW8una+5XxTd/SfoDUnIcj8MmdpU8="}
[debug] [2021-01-01T08:28:20.429Z] >>> [apiv2][query] GET https://api.github.com/repos/Ayush123-prog/amazon-clone [none]
[debug] [2021-01-01T08:28:21.065Z] <<< [apiv2][status] GET https://api.github.com/repos/Ayush123-prog/amazon-clone 200
[debug] [2021-01-01T08:28:21.066Z] <<< [apiv2][body] GET https://api.github.com/repos/Ayush123-prog/amazon-clone {"id":294363565,"node_id":"MDEwOlJlcG9zaXRvcnkyOTQzNjM1NjU=","name":"amazon-clone","full_name":"Ayush123-prog/amazon-clone","private":false,"owner":{"login":"Ayush123-prog","id":65249258,"node_id":"MDQ6VXNlcjY1MjQ5MjU4","avatar_url":"https://avatars3.githubusercontent.com/u/65249258?v=4","gravatar_id":"","url":"https://api.github.com/users/Ayush123-prog","html_url":"https://github.com/Ayush123-prog","followers_url":"https://api.github.com/users/Ayush123-prog/followers","following_url":"https://api.github.com/users/Ayush123-prog/following{/other_user}","gists_url":"https://api.github.com/users/Ayush123-prog/gists{/gist_id}","starred_url":"https://api.github.com/users/Ayush123-prog/starred{/owner}{/repo}","subscriptions_url":"https://api.github.com/users/Ayush123-prog/subscriptions","organizations_url":"https://api.github.com/users/Ayush123-prog/orgs","repos_url":"https://api.github.com/users/Ayush123-prog/repos","events_url":"https://api.github.com/users/Ayush123-prog/events{/privacy}","received_events_url":"https://api.github.com/users/Ayush123-prog/received_events","type":"User","site_admin":false},"html_url":"https://github.com/Ayush123-prog/amazon-clone","description":"This is an amazon-clone created by me using React JS on VS Code and deployed on Firebase.","fork":false,"url":"https://api.github.com/repos/Ayush123-prog/amazon-clone","forks_url":"https://api.github.com/repos/Ayush123-prog/amazon-clone/forks","keys_url":"https://api.github.com/repos/Ayush123-prog/amazon-clone/keys{/key_id}","collaborators_url":"https://api.github.com/repos/Ayush123-prog/amazon-clone/collaborators{/collaborator}","teams_url":"https://api.github.com/repos/Ayush123-prog/amazon-clone/teams","hooks_url":"https://api.github.com/repos/Ayush123-prog/amazon-clone/hooks","issue_events_url":"https://api.github.com/repos/Ayush123-prog/amazon-clone/issues/events{/number}","events_url":"https://api.github.com/repos/Ayush123-prog/amazon-clone/events","assignees_url":"https://api.github.com/repos/Ayush123-prog/amazon-clone/assignees{/user}","branches_url":"https://api.github.com/repos/Ayush123-prog/amazon-clone/branches{/branch}","tags_url":"https://api.github.com/repos/Ayush123-prog/amazon-clone/tags","blobs_url":"https://api.github.com/repos/Ayush123-prog/amazon-clone/git/blobs{/sha}","git_tags_url":"https://api.github.com/repos/Ayush123-prog/amazon-clone/git/tags{/sha}","git_refs_url":"https://api.github.com/repos/Ayush123-prog/amazon-clone/git/refs{/sha}","trees_url":"https://api.github.com/repos/Ayush123-prog/amazon-clone/git/trees{/sha}","statuses_url":"https://api.github.com/repos/Ayush123-prog/amazon-clone/statuses/{sha}","languages_url":"https://api.github.com/repos/Ayush123-prog/amazon-clone/languages","stargazers_url":"https://api.github.com/repos/Ayush123-prog/amazon-clone/stargazers","contributors_url":"https://api.github.com/repos/Ayush123-prog/amazon-clone/contributors","subscribers_url":"https://api.github.com/repos/Ayush123-prog/amazon-clone/subscribers","subscription_url":"https://api.github.com/repos/Ayush123-prog/amazon-clone/subscription","commits_url":"https://api.github.com/repos/Ayush123-prog/amazon-clone/commits{/sha}","git_commits_url":"https://api.github.com/repos/Ayush123-prog/amazon-clone/git/commits{/sha}","comments_url":"https://api.github.com/repos/Ayush123-prog/amazon-clone/comments{/number}","issue_comment_url":"https://api.github.com/repos/Ayush123-prog/amazon-clone/issues/comments{/number}","contents_url":"https://api.github.com/repos/Ayush123-prog/amazon-clone/contents/{+path}","compare_url":"https://api.github.com/repos/Ayush123-prog/amazon-clone/compare/{base}...{head}","merges_url":"https://api.github.com/repos/Ayush123-prog/amazon-clone/merges","archive_url":"https://api.github.com/repos/Ayush123-prog/amazon-clone/{archive_format}{/ref}","downloads_url":"https://api.github.com/repos/Ayush123-prog/amazon-clone/downloads","issues_url":"https://api.github.com/repos/Ayush123-prog/amazon-clone/issues{/number}","pulls_url":"https://api.github.com/repos/Ayush123-prog/amazon-clone/pulls{/number}","milestones_url":"https://api.github.com/repos/Ayush123-prog/amazon-clone/milestones{/number}","notifications_url":"https://api.github.com/repos/Ayush123-prog/amazon-clone/notifications{?since,all,participating}","labels_url":"https://api.github.com/repos/Ayush123-prog/amazon-clone/labels{/name}","releases_url":"https://api.github.com/repos/Ayush123-prog/amazon-clone/releases{/id}","deployments_url":"https://api.github.com/repos/Ayush123-prog/amazon-clone/deployments","created_at":"2020-09-10T09:25:38Z","updated_at":"2020-09-10T09:51:25Z","pushed_at":"2020-09-10T09:51:24Z","git_url":"git://github.com/Ayush123-prog/amazon-clone.git","ssh_url":"git@github.com:Ayush123-prog/amazon-clone.git","clone_url":"https://github.com/Ayush123-prog/amazon-clone.git","svn_url":"https://github.com/Ayush123-prog/amazon-clone","homepage":null,"size":14,"stargazers_count":0,"watchers_count":0,"language":"JavaScript","has_issues":true,"has_projects":true,"has_downloads":true,"has_wiki":true,"has_pages":false,"forks_count":0,"mirror_url":null,"archived":false,"disabled":false,"open_issues_count":0,"license":null,"forks":0,"open_issues":0,"watchers":0,"default_branch":"master","permissions":{"admin":true,"push":true,"pull":true},"temp_clone_token":"","allow_squash_merge":true,"allow_merge_commit":true,"allow_rebase_merge":true,"delete_branch_on_merge":false,"network_count":0,"subscribers_count":1}
[debug] [2021-01-01T08:28:21.077Z] >>> HTTP REQUEST POST https://iam.googleapis.com/v1/projects/todo-diary-app/serviceAccounts  
 {"accountId":"github-action-294363565","serviceAccount":{"displayName":"GitHub Actions (Ayush123-prog/amazon-clone)","description":"A service account with permission to deploy to Firebase Hosting for the GitHub repository Ayush123-prog/amazon-clone"}}
[debug] [2021-01-01T08:28:23.473Z] <<< HTTP RESPONSE 200 {"content-type":"application/json; charset=UTF-8","vary":"X-Origin, Referer, Origin,Accept-Encoding","date":"Fri, 01 Jan 2021 08:28:18 GMT","server":"ESF","cache-control":"private","x-xss-protection":"0","x-frame-options":"SAMEORIGIN","x-content-type-options":"nosniff","alt-svc":"h3-29=\":443\"; ma=2592000,h3-T051=\":443\"; ma=2592000,h3-Q050=\":443\"; ma=2592000,h3-Q046=\":443\"; ma=2592000,h3-Q043=\":443\"; ma=2592000,quic=\":443\"; ma=2592000; v=\"46,43\"","accept-ranges":"none","transfer-encoding":"chunked"}
[debug] [2021-01-01T08:28:23.479Z] >>> HTTP REQUEST GET https://iam.googleapis.com/v1/projects/todo-diary-app/serviceAccounts/github-action-294363565@todo-diary-app.iam.gserviceaccount.com  
 
[debug] [2021-01-01T08:28:23.483Z] >>> HTTP REQUEST POST https://cloudresourcemanager.googleapis.com/v1/projects/todo-diary-app:getIamPolicy  
 
[debug] [2021-01-01T08:28:25.547Z] <<< HTTP RESPONSE 200 {"content-type":"application/json; charset=UTF-8","vary":"X-Origin, Referer, Origin,Accept-Encoding","date":"Fri, 01 Jan 2021 08:28:20 GMT","server":"ESF","cache-control":"private","x-xss-protection":"0","x-frame-options":"SAMEORIGIN","x-content-type-options":"nosniff","server-timing":"gfet4t7; dur=1488","alt-svc":"h3-29=\":443\"; ma=2592000,h3-T051=\":443\"; ma=2592000,h3-Q050=\":443\"; ma=2592000,h3-Q046=\":443\"; ma=2592000,h3-Q043=\":443\"; ma=2592000,quic=\":443\"; ma=2592000; v=\"46,43\"","accept-ranges":"none","transfer-encoding":"chunked"}
[debug] [2021-01-01T08:28:25.549Z] <<< HTTP RESPONSE 200 {"content-type":"application/json; charset=UTF-8","vary":"X-Origin, Referer, Origin,Accept-Encoding","date":"Fri, 01 Jan 2021 08:28:20 GMT","server":"ESF","cache-control":"private","x-xss-protection":"0","x-frame-options":"SAMEORIGIN","x-content-type-options":"nosniff","alt-svc":"h3-29=\":443\"; ma=2592000,h3-T051=\":443\"; ma=2592000,h3-Q050=\":443\"; ma=2592000,h3-Q046=\":443\"; ma=2592000,h3-Q043=\":443\"; ma=2592000,quic=\":443\"; ma=2592000; v=\"46,43\"","accept-ranges":"none","transfer-encoding":"chunked"}
[debug] [2021-01-01T08:28:25.552Z] >>> HTTP REQUEST POST https://cloudresourcemanager.googleapis.com/v1/projects/todo-diary-app:setIamPolicy  
 {"policy":{"version":1,"etag":"BwW30nhcQn0=","bindings":[{"role":"roles/firebase.managementServiceAgent","members":["serviceAccount:firebase-service-account@firebase-sa-management.iam.gserviceaccount.com"]},{"role":"roles/firebase.sdkAdminServiceAgent","members":["serviceAccount:firebase-adminsdk-ykxvk@todo-diary-app.iam.gserviceaccount.com"]},{"role":"roles/firebaseauth.admin","members":["serviceAccount:firebase-adminsdk-ykxvk@todo-diary-app.iam.gserviceaccount.com","serviceAccount:github-action-294363565@todo-diary-app.iam.gserviceaccount.com"]},{"role":"roles/firebaserules.system","members":["serviceAccount:service-479739297343@firebase-rules.iam.gserviceaccount.com"]},{"role":"roles/iam.serviceAccountTokenCreator","members":["serviceAccount:firebase-adminsdk-ykxvk@todo-diary-app.iam.gserviceaccount.com"]},{"role":"roles/owner","members":["user:Apandey0006@gmail.com"]},{"role":"roles/serviceusage.apiKeysViewer","members":["serviceAccount:github-action-294363565@todo-diary-app.iam.gserviceaccount.com"]},{"role":"roles/firebasehosting.admin","members":["serviceAccount:github-action-294363565@todo-diary-app.iam.gserviceaccount.com"]},{"role":"roles/run.viewer","members":["serviceAccount:github-action-294363565@todo-diary-app.iam.gserviceaccount.com"]}]},"updateMask":"bindings"}
